{"F:\\react\\src\\Utils\\appStore.js": {"path":"F:\\react\\src\\Utils\\appStore.js","statementMap":{"0":{"start":{"line":5,"column":17},"end":{"line":9,"column":2}}},"fnMap":{},"branchMap":{},"s":{"0":3},"f":{},"b":{},"_coverageSchema":"1a1c01bbd47fc00a2c39e90264f33305004495a9","hash":"b7f586fc843707272c97f0712981477d070df08c"}
,"F:\\react\\src\\Utils\\cardSlice.js": {"path":"F:\\react\\src\\Utils\\cardSlice.js","statementMap":{"0":{"start":{"line":3,"column":18},"end":{"line":35,"column":2}},"1":{"start":{"line":10,"column":20},"end":{"line":12,"column":7}},"2":{"start":{"line":11,"column":15},"end":{"line":11,"column":61}},"3":{"start":{"line":13,"column":6},"end":{"line":17,"column":7}},"4":{"start":{"line":14,"column":8},"end":{"line":14,"column":77}},"5":{"start":{"line":16,"column":8},"end":{"line":16,"column":61}},"6":{"start":{"line":20,"column":20},"end":{"line":22,"column":7}},"7":{"start":{"line":21,"column":15},"end":{"line":21,"column":61}},"8":{"start":{"line":23,"column":6},"end":{"line":29,"column":7}},"9":{"start":{"line":24,"column":8},"end":{"line":28,"column":9}},"10":{"start":{"line":25,"column":10},"end":{"line":25,"column":43}},"11":{"start":{"line":27,"column":10},"end":{"line":27,"column":39}},"12":{"start":{"line":32,"column":6},"end":{"line":32,"column":23}},"13":{"start":{"line":37,"column":50},"end":{"line":37,"column":67}}},"fnMap":{"0":{"name":"(anonymous_0)","decl":{"start":{"line":9,"column":13},"end":{"line":9,"column":14}},"loc":{"start":{"line":9,"column":32},"end":{"line":18,"column":5}},"line":9},"1":{"name":"(anonymous_1)","decl":{"start":{"line":11,"column":8},"end":{"line":11,"column":9}},"loc":{"start":{"line":11,"column":15},"end":{"line":11,"column":61}},"line":11},"2":{"name":"(anonymous_2)","decl":{"start":{"line":19,"column":16},"end":{"line":19,"column":17}},"loc":{"start":{"line":19,"column":35},"end":{"line":30,"column":5}},"line":19},"3":{"name":"(anonymous_3)","decl":{"start":{"line":21,"column":8},"end":{"line":21,"column":9}},"loc":{"start":{"line":21,"column":15},"end":{"line":21,"column":61}},"line":21},"4":{"name":"(anonymous_4)","decl":{"start":{"line":31,"column":15},"end":{"line":31,"column":16}},"loc":{"start":{"line":31,"column":26},"end":{"line":33,"column":5}},"line":31}},"branchMap":{"0":{"loc":{"start":{"line":13,"column":6},"end":{"line":17,"column":7}},"type":"if","locations":[{"start":{"line":13,"column":6},"end":{"line":17,"column":7}},{"start":{"line":15,"column":13},"end":{"line":17,"column":7}}],"line":13},"1":{"loc":{"start":{"line":14,"column":39},"end":{"line":14,"column":71}},"type":"binary-expr","locations":[{"start":{"line":14,"column":39},"end":{"line":14,"column":66}},{"start":{"line":14,"column":70},"end":{"line":14,"column":71}}],"line":14},"2":{"loc":{"start":{"line":23,"column":6},"end":{"line":29,"column":7}},"type":"if","locations":[{"start":{"line":23,"column":6},"end":{"line":29,"column":7}},{"start":{},"end":{}}],"line":23},"3":{"loc":{"start":{"line":24,"column":8},"end":{"line":28,"column":9}},"type":"if","locations":[{"start":{"line":24,"column":8},"end":{"line":28,"column":9}},{"start":{"line":26,"column":15},"end":{"line":28,"column":9}}],"line":24},"4":{"loc":{"start":{"line":24,"column":13},"end":{"line":24,"column":45}},"type":"binary-expr","locations":[{"start":{"line":24,"column":13},"end":{"line":24,"column":40}},{"start":{"line":24,"column":44},"end":{"line":24,"column":45}}],"line":24}},"s":{"0":3,"1":0,"2":0,"3":0,"4":0,"5":0,"6":0,"7":0,"8":0,"9":0,"10":0,"11":0,"12":0,"13":3},"f":{"0":0,"1":0,"2":0,"3":0,"4":0},"b":{"0":[0,0],"1":[0,0],"2":[0,0],"3":[0,0],"4":[0,0]},"_coverageSchema":"1a1c01bbd47fc00a2c39e90264f33305004495a9","hash":"64872fbb29fa9c5c08cb6a710fdfacd1126ccae1"}
,"F:\\react\\src\\Utils\\constants.js": {"path":"F:\\react\\src\\Utils\\constants.js","statementMap":{"0":{"start":{"line":2,"column":2},"end":{"line":2,"column":85}},"1":{"start":{"line":5,"column":2},"end":{"line":5,"column":72}},"2":{"start":{"line":8,"column":2},"end":{"line":8,"column":121}}},"fnMap":{},"branchMap":{},"s":{"0":3,"1":3,"2":3},"f":{},"b":{},"_coverageSchema":"1a1c01bbd47fc00a2c39e90264f33305004495a9","hash":"ce9be941672f05de09ec33b935f3a11d1a6481cb"}
,"F:\\react\\src\\Utils\\useOnlineStatus.js": {"path":"F:\\react\\src\\Utils\\useOnlineStatus.js","statementMap":{"0":{"start":{"line":3,"column":24},"end":{"line":17,"column":1}},"1":{"start":{"line":4,"column":42},"end":{"line":4,"column":56}},"2":{"start":{"line":6,"column":2},"end":{"line":13,"column":5}},"3":{"start":{"line":7,"column":4},"end":{"line":9,"column":7}},"4":{"start":{"line":8,"column":6},"end":{"line":8,"column":29}},"5":{"start":{"line":10,"column":4},"end":{"line":12,"column":7}},"6":{"start":{"line":11,"column":6},"end":{"line":11,"column":28}},"7":{"start":{"line":16,"column":2},"end":{"line":16,"column":22}}},"fnMap":{"0":{"name":"(anonymous_0)","decl":{"start":{"line":3,"column":24},"end":{"line":3,"column":25}},"loc":{"start":{"line":3,"column":30},"end":{"line":17,"column":1}},"line":3},"1":{"name":"(anonymous_1)","decl":{"start":{"line":6,"column":12},"end":{"line":6,"column":13}},"loc":{"start":{"line":6,"column":18},"end":{"line":13,"column":3}},"line":6},"2":{"name":"(anonymous_2)","decl":{"start":{"line":7,"column":39},"end":{"line":7,"column":40}},"loc":{"start":{"line":7,"column":45},"end":{"line":9,"column":5}},"line":7},"3":{"name":"(anonymous_3)","decl":{"start":{"line":10,"column":38},"end":{"line":10,"column":39}},"loc":{"start":{"line":10,"column":44},"end":{"line":12,"column":5}},"line":10}},"branchMap":{},"s":{"0":2,"1":7,"2":7,"3":7,"4":0,"5":7,"6":0,"7":7},"f":{"0":7,"1":7,"2":0,"3":0},"b":{},"_coverageSchema":"1a1c01bbd47fc00a2c39e90264f33305004495a9","hash":"3930ea59d68c99f18809a920a879df03dc4d80f4"}
,"F:\\react\\src\\component\\Body.js": {"path":"F:\\react\\src\\component\\Body.js","statementMap":{"0":{"start":{"line":9,"column":13},"end":{"line":98,"column":1}},"1":{"start":{"line":10,"column":36},"end":{"line":10,"column":48}},"2":{"start":{"line":11,"column":38},"end":{"line":11,"column":50}},"3":{"start":{"line":12,"column":42},"end":{"line":12,"column":61}},"4":{"start":{"line":14,"column":27},"end":{"line":14,"column":50}},"5":{"start":{"line":16,"column":2},"end":{"line":16,"column":40}},"6":{"start":{"line":17,"column":2},"end":{"line":19,"column":9}},"7":{"start":{"line":18,"column":4},"end":{"line":18,"column":16}},"8":{"start":{"line":21,"column":20},"end":{"line":35,"column":3}},"9":{"start":{"line":22,"column":17},"end":{"line":26,"column":5}},"10":{"start":{"line":27,"column":17},"end":{"line":27,"column":34}},"11":{"start":{"line":28,"column":4},"end":{"line":28,"column":22}},"12":{"start":{"line":29,"column":4},"end":{"line":31,"column":6}},"13":{"start":{"line":32,"column":4},"end":{"line":34,"column":6}},"14":{"start":{"line":37,"column":23},"end":{"line":37,"column":40}},"15":{"start":{"line":39,"column":2},"end":{"line":39,"column":46}},"16":{"start":{"line":39,"column":30},"end":{"line":39,"column":46}},"17":{"start":{"line":40,"column":40},"end":{"line":40,"column":63}},"18":{"start":{"line":43,"column":2},"end":{"line":97,"column":4}},"19":{"start":{"line":54,"column":29},"end":{"line":54,"column":58}},"20":{"start":{"line":59,"column":35},"end":{"line":61,"column":15}},"21":{"start":{"line":60,"column":16},"end":{"line":60,"column":78}},"22":{"start":{"line":62,"column":14},"end":{"line":62,"column":44}},"23":{"start":{"line":72,"column":33},"end":{"line":74,"column":13}},"24":{"start":{"line":73,"column":23},"end":{"line":73,"column":47}},"25":{"start":{"line":75,"column":12},"end":{"line":75,"column":42}},"26":{"start":{"line":84,"column":10},"end":{"line":93,"column":17}}},"fnMap":{"0":{"name":"(anonymous_0)","decl":{"start":{"line":9,"column":13},"end":{"line":9,"column":14}},"loc":{"start":{"line":9,"column":19},"end":{"line":98,"column":1}},"line":9},"1":{"name":"(anonymous_1)","decl":{"start":{"line":17,"column":12},"end":{"line":17,"column":13}},"loc":{"start":{"line":17,"column":18},"end":{"line":19,"column":3}},"line":17},"2":{"name":"(anonymous_2)","decl":{"start":{"line":21,"column":20},"end":{"line":21,"column":21}},"loc":{"start":{"line":21,"column":32},"end":{"line":35,"column":3}},"line":21},"3":{"name":"(anonymous_3)","decl":{"start":{"line":54,"column":22},"end":{"line":54,"column":23}},"loc":{"start":{"line":54,"column":29},"end":{"line":54,"column":58}},"line":54},"4":{"name":"(anonymous_4)","decl":{"start":{"line":58,"column":21},"end":{"line":58,"column":22}},"loc":{"start":{"line":58,"column":27},"end":{"line":63,"column":13}},"line":58},"5":{"name":"(anonymous_5)","decl":{"start":{"line":59,"column":52},"end":{"line":59,"column":53}},"loc":{"start":{"line":60,"column":16},"end":{"line":60,"column":78}},"line":60},"6":{"name":"(anonymous_6)","decl":{"start":{"line":71,"column":19},"end":{"line":71,"column":20}},"loc":{"start":{"line":71,"column":25},"end":{"line":76,"column":11}},"line":71},"7":{"name":"(anonymous_7)","decl":{"start":{"line":73,"column":14},"end":{"line":73,"column":15}},"loc":{"start":{"line":73,"column":23},"end":{"line":73,"column":47}},"line":73},"8":{"name":"(anonymous_8)","decl":{"start":{"line":83,"column":26},"end":{"line":83,"column":27}},"loc":{"start":{"line":84,"column":10},"end":{"line":93,"column":17}},"line":84}},"branchMap":{"0":{"loc":{"start":{"line":39,"column":2},"end":{"line":39,"column":46}},"type":"if","locations":[{"start":{"line":39,"column":2},"end":{"line":39,"column":46}},{"start":{},"end":{}}],"line":39},"1":{"loc":{"start":{"line":43,"column":9},"end":{"line":97,"column":3}},"type":"cond-expr","locations":[{"start":{"line":44,"column":4},"end":{"line":44,"column":15}},{"start":{"line":46,"column":4},"end":{"line":96,"column":10}}],"line":43},"2":{"loc":{"start":{"line":88,"column":13},"end":{"line":92,"column":13}},"type":"cond-expr","locations":[{"start":{"line":89,"column":14},"end":{"line":89,"column":56}},{"start":{"line":91,"column":14},"end":{"line":91,"column":50}}],"line":88}},"s":{"0":1,"1":1,"2":1,"3":1,"4":1,"5":1,"6":1,"7":1,"8":1,"9":1,"10":1,"11":1,"12":1,"13":1,"14":1,"15":1,"16":0,"17":1,"18":1,"19":0,"20":0,"21":0,"22":0,"23":0,"24":0,"25":0,"26":0},"f":{"0":1,"1":1,"2":1,"3":0,"4":0,"5":0,"6":0,"7":0,"8":0},"b":{"0":[0,1],"1":[1,0],"2":[0,0]},"_coverageSchema":"1a1c01bbd47fc00a2c39e90264f33305004495a9","hash":"cf5a6590e21b8042e16ad0705246911282548726"}
,"F:\\react\\src\\component\\Contact.js": {"path":"F:\\react\\src\\component\\Contact.js","statementMap":{"0":{"start":{"line":2,"column":16},"end":{"line":72,"column":1}},"1":{"start":{"line":3,"column":26},"end":{"line":3,"column":72}},"2":{"start":{"line":4,"column":36},"end":{"line":4,"column":51}},"3":{"start":{"line":6,"column":23},"end":{"line":8,"column":3}},"4":{"start":{"line":7,"column":4},"end":{"line":7,"column":58}},"5":{"start":{"line":10,"column":23},"end":{"line":15,"column":3}},"6":{"start":{"line":11,"column":4},"end":{"line":11,"column":23}},"7":{"start":{"line":12,"column":4},"end":{"line":14,"column":13}},"8":{"start":{"line":13,"column":6},"end":{"line":13,"column":25}},"9":{"start":{"line":17,"column":2},"end":{"line":71,"column":4}}},"fnMap":{"0":{"name":"(anonymous_0)","decl":{"start":{"line":2,"column":16},"end":{"line":2,"column":17}},"loc":{"start":{"line":2,"column":22},"end":{"line":72,"column":1}},"line":2},"1":{"name":"(anonymous_1)","decl":{"start":{"line":6,"column":23},"end":{"line":6,"column":24}},"loc":{"start":{"line":6,"column":30},"end":{"line":8,"column":3}},"line":6},"2":{"name":"(anonymous_2)","decl":{"start":{"line":10,"column":23},"end":{"line":10,"column":24}},"loc":{"start":{"line":10,"column":30},"end":{"line":15,"column":3}},"line":10},"3":{"name":"(anonymous_3)","decl":{"start":{"line":12,"column":15},"end":{"line":12,"column":16}},"loc":{"start":{"line":12,"column":21},"end":{"line":14,"column":5}},"line":12}},"branchMap":{"0":{"loc":{"start":{"line":23,"column":7},"end":{"line":63,"column":7}},"type":"cond-expr","locations":[{"start":{"line":24,"column":8},"end":{"line":26,"column":14}},{"start":{"line":28,"column":8},"end":{"line":62,"column":15}}],"line":23}},"s":{"0":1,"1":4,"2":4,"3":4,"4":0,"5":4,"6":0,"7":0,"8":0,"9":4},"f":{"0":4,"1":0,"2":0,"3":0},"b":{"0":[0,4]},"_coverageSchema":"1a1c01bbd47fc00a2c39e90264f33305004495a9","hash":"b7a7ee2da8e67a21ceab186d8467a2b3d05c8461"}
,"F:\\react\\src\\component\\Game.js": {"path":"F:\\react\\src\\component\\Game.js","statementMap":{"0":{"start":{"line":3,"column":16},"end":{"line":3,"column":45}},"1":{"start":{"line":5,"column":18},"end":{"line":15,"column":1}},"2":{"start":{"line":6,"column":2},"end":{"line":6,"column":42}},"3":{"start":{"line":6,"column":27},"end":{"line":6,"column":42}},"4":{"start":{"line":7,"column":2},"end":{"line":13,"column":3}},"5":{"start":{"line":12,"column":4},"end":{"line":12,"column":22}},"6":{"start":{"line":14,"column":2},"end":{"line":14,"column":21}},"7":{"start":{"line":17,"column":26},"end":{"line":61,"column":1}},"8":{"start":{"line":18,"column":42},"end":{"line":18,"column":54}},"9":{"start":{"line":19,"column":46},"end":{"line":19,"column":58}},"10":{"start":{"line":20,"column":30},"end":{"line":20,"column":42}},"11":{"start":{"line":22,"column":15},"end":{"line":29,"column":3}},"12":{"start":{"line":23,"column":23},"end":{"line":23,"column":74}},"13":{"start":{"line":24,"column":23},"end":{"line":24,"column":52}},"14":{"start":{"line":26,"column":4},"end":{"line":26,"column":28}},"15":{"start":{"line":27,"column":4},"end":{"line":27,"column":34}},"16":{"start":{"line":28,"column":4},"end":{"line":28,"column":26}},"17":{"start":{"line":31,"column":2},"end":{"line":60,"column":4}},"18":{"start":{"line":39,"column":10},"end":{"line":45,"column":19}},"19":{"start":{"line":41,"column":27},"end":{"line":41,"column":39}}},"fnMap":{"0":{"name":"(anonymous_0)","decl":{"start":{"line":5,"column":18},"end":{"line":5,"column":19}},"loc":{"start":{"line":5,"column":40},"end":{"line":15,"column":1}},"line":5},"1":{"name":"(anonymous_1)","decl":{"start":{"line":17,"column":26},"end":{"line":17,"column":27}},"loc":{"start":{"line":17,"column":32},"end":{"line":61,"column":1}},"line":17},"2":{"name":"(anonymous_2)","decl":{"start":{"line":22,"column":15},"end":{"line":22,"column":16}},"loc":{"start":{"line":22,"column":27},"end":{"line":29,"column":3}},"line":22},"3":{"name":"(anonymous_3)","decl":{"start":{"line":38,"column":21},"end":{"line":38,"column":22}},"loc":{"start":{"line":39,"column":10},"end":{"line":45,"column":19}},"line":39},"4":{"name":"(anonymous_4)","decl":{"start":{"line":41,"column":21},"end":{"line":41,"column":22}},"loc":{"start":{"line":41,"column":27},"end":{"line":41,"column":39}},"line":41}},"branchMap":{"0":{"loc":{"start":{"line":6,"column":2},"end":{"line":6,"column":42}},"type":"if","locations":[{"start":{"line":6,"column":2},"end":{"line":6,"column":42}},{"start":{},"end":{}}],"line":6},"1":{"loc":{"start":{"line":7,"column":2},"end":{"line":13,"column":3}},"type":"if","locations":[{"start":{"line":7,"column":2},"end":{"line":13,"column":3}},{"start":{},"end":{}}],"line":7},"2":{"loc":{"start":{"line":8,"column":4},"end":{"line":10,"column":51}},"type":"binary-expr","locations":[{"start":{"line":8,"column":5},"end":{"line":8,"column":22}},{"start":{"line":8,"column":26},"end":{"line":8,"column":49}},{"start":{"line":9,"column":5},"end":{"line":9,"column":23}},{"start":{"line":9,"column":27},"end":{"line":9,"column":46}},{"start":{"line":10,"column":5},"end":{"line":10,"column":26}},{"start":{"line":10,"column":30},"end":{"line":10,"column":50}}],"line":8}},"s":{"0":1,"1":1,"2":0,"3":0,"4":0,"5":0,"6":0,"7":1,"8":0,"9":0,"10":0,"11":0,"12":0,"13":0,"14":0,"15":0,"16":0,"17":0,"18":0,"19":0},"f":{"0":0,"1":0,"2":0,"3":0,"4":0},"b":{"0":[0,0],"1":[0,0],"2":[0,0,0,0,0,0]},"_coverageSchema":"1a1c01bbd47fc00a2c39e90264f33305004495a9","hash":"46cec57b321bf313667354e9a83e4e1a7495e5ab"}
,"F:\\react\\src\\component\\Header.jsx": {"path":"F:\\react\\src\\component\\Header.jsx","statementMap":{"0":{"start":{"line":10,"column":15},"end":{"line":88,"column":1}},"1":{"start":{"line":11,"column":32},"end":{"line":11,"column":49}},"2":{"start":{"line":12,"column":23},"end":{"line":12,"column":40}},"3":{"start":{"line":13,"column":40},"end":{"line":13,"column":63}},"4":{"start":{"line":14,"column":19},"end":{"line":14,"column":32}},"5":{"start":{"line":18,"column":19},"end":{"line":18,"column":59}},"6":{"start":{"line":18,"column":42},"end":{"line":18,"column":58}},"7":{"start":{"line":20,"column":26},"end":{"line":27,"column":3}},"8":{"start":{"line":21,"column":4},"end":{"line":26,"column":5}},"9":{"start":{"line":22,"column":6},"end":{"line":22,"column":25}},"10":{"start":{"line":24,"column":6},"end":{"line":24,"column":26}},"11":{"start":{"line":25,"column":6},"end":{"line":25,"column":24}},"12":{"start":{"line":30,"column":0},"end":{"line":34,"column":19}},"13":{"start":{"line":31,"column":2},"end":{"line":33,"column":3}},"14":{"start":{"line":32,"column":4},"end":{"line":32,"column":25}},"15":{"start":{"line":36,"column":2},"end":{"line":87,"column":4}}},"fnMap":{"0":{"name":"(anonymous_0)","decl":{"start":{"line":10,"column":15},"end":{"line":10,"column":16}},"loc":{"start":{"line":10,"column":21},"end":{"line":88,"column":1}},"line":10},"1":{"name":"(anonymous_1)","decl":{"start":{"line":18,"column":31},"end":{"line":18,"column":32}},"loc":{"start":{"line":18,"column":42},"end":{"line":18,"column":58}},"line":18},"2":{"name":"(anonymous_2)","decl":{"start":{"line":20,"column":26},"end":{"line":20,"column":27}},"loc":{"start":{"line":20,"column":32},"end":{"line":27,"column":3}},"line":20},"3":{"name":"(anonymous_3)","decl":{"start":{"line":30,"column":10},"end":{"line":30,"column":11}},"loc":{"start":{"line":30,"column":16},"end":{"line":34,"column":1}},"line":30}},"branchMap":{"0":{"loc":{"start":{"line":21,"column":4},"end":{"line":26,"column":5}},"type":"if","locations":[{"start":{"line":21,"column":4},"end":{"line":26,"column":5}},{"start":{"line":23,"column":11},"end":{"line":26,"column":5}}],"line":21},"1":{"loc":{"start":{"line":31,"column":2},"end":{"line":33,"column":3}},"type":"if","locations":[{"start":{"line":31,"column":2},"end":{"line":33,"column":3}},{"start":{},"end":{}}],"line":31},"2":{"loc":{"start":{"line":46,"column":15},"end":{"line":46,"column":56}},"type":"cond-expr","locations":[{"start":{"line":46,"column":30},"end":{"line":46,"column":41}},{"start":{"line":46,"column":44},"end":{"line":46,"column":56}}],"line":46},"3":{"loc":{"start":{"line":62,"column":15},"end":{"line":66,"column":15}},"type":"binary-expr","locations":[{"start":{"line":62,"column":15},"end":{"line":62,"column":34}},{"start":{"line":63,"column":16},"end":{"line":65,"column":23}}],"line":62},"4":{"loc":{"start":{"line":77,"column":11},"end":{"line":83,"column":11}},"type":"binary-expr","locations":[{"start":{"line":77,"column":11},"end":{"line":77,"column":23}},{"start":{"line":78,"column":12},"end":{"line":82,"column":17}}],"line":77}},"s":{"0":1,"1":6,"2":6,"3":6,"4":6,"5":6,"6":9,"7":6,"8":0,"9":0,"10":0,"11":0,"12":6,"13":3,"14":3,"15":6},"f":{"0":6,"1":9,"2":0,"3":3},"b":{"0":[0,0],"1":[3,0],"2":[6,0],"3":[6,0],"4":[6,6]},"_coverageSchema":"1a1c01bbd47fc00a2c39e90264f33305004495a9","hash":"30a68dcdd262aa4bf1e9da5d1265a62faa453ff7"}
,"F:\\react\\src\\component\\Restcarted.js": {"path":"F:\\react\\src\\component\\Restcarted.js","statementMap":{"0":{"start":{"line":2,"column":19},"end":{"line":38,"column":1}},"1":{"start":{"line":3,"column":23},"end":{"line":3,"column":28}},"2":{"start":{"line":4,"column":2},"end":{"line":4,"column":23}},"3":{"start":{"line":6,"column":4},"end":{"line":6,"column":18}},"4":{"start":{"line":7,"column":27},"end":{"line":7,"column":46}},"5":{"start":{"line":8,"column":2},"end":{"line":37,"column":4}},"6":{"start":{"line":40,"column":27},"end":{"line":51,"column":1}},"7":{"start":{"line":41,"column":2},"end":{"line":50,"column":4}},"8":{"start":{"line":42,"column":4},"end":{"line":49,"column":6}}},"fnMap":{"0":{"name":"(anonymous_0)","decl":{"start":{"line":2,"column":19},"end":{"line":2,"column":20}},"loc":{"start":{"line":2,"column":30},"end":{"line":38,"column":1}},"line":2},"1":{"name":"(anonymous_1)","decl":{"start":{"line":40,"column":27},"end":{"line":40,"column":28}},"loc":{"start":{"line":40,"column":43},"end":{"line":51,"column":1}},"line":40},"2":{"name":"(anonymous_2)","decl":{"start":{"line":41,"column":9},"end":{"line":41,"column":10}},"loc":{"start":{"line":41,"column":20},"end":{"line":50,"column":3}},"line":41}},"branchMap":{},"s":{"0":2,"1":2,"2":2,"3":2,"4":2,"5":2,"6":2,"7":2,"8":1},"f":{"0":2,"1":2,"2":1},"b":{},"_coverageSchema":"1a1c01bbd47fc00a2c39e90264f33305004495a9","hash":"8789882a168c6e77980569b0bf0bcf0c1281ff47"}
,"F:\\react\\src\\component\\Shimmer.js": {"path":"F:\\react\\src\\component\\Shimmer.js","statementMap":{"0":{"start":{"line":1,"column":16},"end":{"line":14,"column":1}},"1":{"start":{"line":2,"column":2},"end":{"line":13,"column":4}},"2":{"start":{"line":7,"column":10},"end":{"line":10,"column":17}}},"fnMap":{"0":{"name":"(anonymous_0)","decl":{"start":{"line":1,"column":16},"end":{"line":1,"column":17}},"loc":{"start":{"line":1,"column":22},"end":{"line":14,"column":1}},"line":1},"1":{"name":"(anonymous_1)","decl":{"start":{"line":6,"column":13},"end":{"line":6,"column":14}},"loc":{"start":{"line":7,"column":10},"end":{"line":10,"column":17}},"line":7}},"branchMap":{},"s":{"0":1,"1":1,"2":20},"f":{"0":1,"1":20},"b":{},"_coverageSchema":"1a1c01bbd47fc00a2c39e90264f33305004495a9","hash":"46a60ebc1739d45bc4d7015c8c70150ba1639f9f"}
,"F:\\react\\src\\component\\Usercontext.js": {"path":"F:\\react\\src\\component\\Usercontext.js","statementMap":{"0":{"start":{"line":3,"column":20},"end":{"line":6,"column":2}}},"fnMap":{"0":{"name":"(anonymous_0)","decl":{"start":{"line":5,"column":15},"end":{"line":5,"column":16}},"loc":{"start":{"line":5,"column":21},"end":{"line":5,"column":23}},"line":5}},"branchMap":{},"s":{"0":2},"f":{"0":0},"b":{},"_coverageSchema":"1a1c01bbd47fc00a2c39e90264f33305004495a9","hash":"23c06dfeac3c2b41671c80481e6d80067d97d15b"}
,"F:\\react\\src\\component\\mokedata\\mockData.js": {"path":"F:\\react\\src\\component\\mokedata\\mockData.js","statementMap":{"0":{"start":{"line":1,"column":24},"end":{"line":18,"column":1}}},"fnMap":{},"branchMap":{},"s":{"0":1},"f":{},"b":{},"_coverageSchema":"1a1c01bbd47fc00a2c39e90264f33305004495a9","hash":"8fe81486ec493bf61d11bb207c7a106838ad0e41"}
}
