TN:
SF:src\Utils\appStore.js
FNF:0
FNH:0
DA:5,2
LF:1
LH:1
BRF:0
BRH:0
end_of_record
TN:
SF:src\Utils\cardSlice.js
FN:9,(anonymous_0)
FN:11,(anonymous_1)
FN:19,(anonymous_2)
FN:21,(anonymous_3)
FN:31,(anonymous_4)
FNF:5
FNH:0
FNDA:0,(anonymous_0)
FNDA:0,(anonymous_1)
FNDA:0,(anonymous_2)
FNDA:0,(anonymous_3)
FNDA:0,(anonymous_4)
DA:3,2
DA:10,0
DA:11,0
DA:13,0
DA:14,0
DA:16,0
DA:20,0
DA:21,0
DA:23,0
DA:24,0
DA:25,0
DA:27,0
DA:32,0
DA:37,2
LF:14
LH:2
BRDA:13,0,0,0
BRDA:13,0,1,0
BRDA:14,1,0,0
BRDA:14,1,1,0
BRDA:23,2,0,0
BRDA:23,2,1,0
BRDA:24,3,0,0
BRDA:24,3,1,0
BRDA:24,4,0,0
BRDA:24,4,1,0
BRF:10
BRH:0
end_of_record
TN:
SF:src\Utils\constants.js
FNF:0
FNH:0
DA:2,2
DA:5,2
DA:8,2
LF:3
LH:3
BRF:0
BRH:0
end_of_record
TN:
SF:src\Utils\useOnlineStatus.js
FN:3,(anonymous_0)
FN:6,(anonymous_1)
FN:7,(anonymous_2)
FN:10,(anonymous_3)
FNF:4
FNH:2
FNDA:6,(anonymous_0)
FNDA:6,(anonymous_1)
FNDA:0,(anonymous_2)
FNDA:0,(anonymous_3)
DA:3,1
DA:4,6
DA:6,6
DA:7,6
DA:8,0
DA:10,6
DA:11,0
DA:16,6
LF:8
LH:6
BRF:0
BRH:0
end_of_record
TN:
SF:src\component\Contact.js
FN:2,(anonymous_0)
FN:6,(anonymous_1)
FN:10,(anonymous_2)
FN:12,(anonymous_3)
FNF:4
FNH:1
FNDA:4,(anonymous_0)
FNDA:0,(anonymous_1)
FNDA:0,(anonymous_2)
FNDA:0,(anonymous_3)
DA:2,1
DA:3,4
DA:4,4
DA:6,4
DA:7,0
DA:10,4
DA:11,0
DA:12,0
DA:13,0
DA:17,4
LF:10
LH:6
BRDA:23,0,0,0
BRDA:23,0,1,4
BRF:2
BRH:1
end_of_record
TN:
SF:src\component\Header.jsx
FN:10,(anonymous_0)
FN:18,(anonymous_1)
FN:20,(anonymous_2)
FN:30,(anonymous_3)
FNF:4
FNH:3
FNDA:6,(anonymous_0)
FNDA:9,(anonymous_1)
FNDA:0,(anonymous_2)
FNDA:3,(anonymous_3)
DA:10,1
DA:11,6
DA:12,6
DA:13,6
DA:14,6
DA:18,9
DA:20,6
DA:21,0
DA:22,0
DA:24,0
DA:25,0
DA:30,6
DA:31,3
DA:32,3
DA:36,6
LF:15
LH:11
BRDA:21,0,0,0
BRDA:21,0,1,0
BRDA:31,1,0,3
BRDA:31,1,1,0
BRDA:46,2,0,6
BRDA:46,2,1,0
BRDA:62,3,0,6
BRDA:62,3,1,0
BRDA:77,4,0,6
BRDA:77,4,1,6
BRF:10
BRH:5
end_of_record
TN:
SF:src\component\Restcarted.js
FN:2,(anonymous_0)
FN:40,(anonymous_1)
FN:41,(anonymous_2)
FNF:3
FNH:3
FNDA:2,(anonymous_0)
FNDA:1,(anonymous_1)
FNDA:1,(anonymous_2)
DA:2,1
DA:3,2
DA:4,2
DA:6,2
DA:7,2
DA:8,2
DA:40,1
DA:41,1
DA:42,1
LF:9
LH:9
BRF:0
BRH:0
end_of_record
TN:
SF:src\component\Usercontext.js
FN:5,(anonymous_0)
FNF:1
FNH:0
FNDA:0,(anonymous_0)
DA:3,1
LF:1
LH:1
BRF:0
BRH:0
end_of_record
TN:
SF:src\component\mockData.js
FNF:0
FNH:0
DA:1,1
LF:1
LH:1
BRF:0
BRH:0
end_of_record
TN:
SF:src\component\sum.js
FN:1,(anonymous_0)
FNF:1
FNH:1
FNDA:1,(anonymous_0)
DA:1,1
DA:2,1
LF:2
LH:2
BRF:0
BRH:0
end_of_record
